<?xml version="1.0" encoding="UTF-8"?>
<constructor-config>

<!-- These are all for unit testing only -->
<!-- *********************************** -->

<!-- 
  au.com.dw.testdatacapturej.mock.classcheck.NDCNS_Int and au.com.dw.testdatacapturej.mock.classcheck.NDCNS_UnconfiguredObject are deliberately missing for negative au.com.dw.testing.
 -->
 
	<constructor class="au.com.dw.testdatacapturej.mock.classcheck.NDCNS_String">
		<argument>
			<field-name>noSetterField</field-name>
		</argument>
	</constructor>
	
	<constructor class="au.com.dw.testdatacapturej.mock.classcheck.NDCNS_BooleanFloat">
		<argument>
			<field-name>noSetterField</field-name>
		</argument>
		<argument>
			<field-name>noSetterField2</field-name>
		</argument>
	</constructor>

	<constructor class="au.com.dw.testdatacapturej.mock.classcheck.NDCNS_Object">
		<argument>
			<field-name>noSetterField</field-name>
		</argument>
	</constructor>

	<constructor class="au.com.dw.testdatacapturej.mock.classcheck.NDCNS_Collection">
		<argument>
			<field-name>noSetterField</field-name>
		</argument>
		<argument>
			<field-name>noSetterField2</field-name>
		</argument>
	</constructor>

	<constructor class="au.com.dw.testdatacapturej.mock.classcheck.NDCNS_Array">
		<argument>
			<field-name>noSetterField</field-name>
		</argument>
		<argument>
			<field-name>noSetterField2</field-name>
		</argument>
	</constructor>
	
	<constructor class="au.com.dw.testdatacapturej.mock.classcheck.NDCNS_Map">
		<argument>
			<field-name>noSetterField</field-name>
		</argument>
		<argument>
			<field-name>noSetterField2</field-name>
		</argument>
	</constructor>	
		
	<!-- This is deliberately mis-configured with only one of the two fields configured -->
	<constructor class="au.com.dw.testdatacapturej.mock.classcheck.NDCNS_LongChar">
		<argument>
			<field-name>noSetterField</field-name>
		</argument>
	</constructor>	
	
	<!-- This is deliberately mis-configured with an extra field that does not exist in the class -->
	<constructor class="au.com.dw.testdatacapturej.mock.classcheck.NDCNS_Double">
		<argument>
			<field-name>noSetterField</field-name>
		</argument>
		<argument>
			<field-name>noSetterField2</field-name>
		</argument>
	</constructor>

	<!-- This is deliberately mis-configured with the wrong field name -->
	<constructor class="au.com.dw.testdatacapturej.mock.classcheck.NDCNS_Integer">
		<argument>
			<field-name>noSetterField2</field-name>
		</argument>
	</constructor>	

<!-- Examples for documentation -->

	<constructor class="au.com.dw.testdatacapturej.mock.explanation.CustomerMultipleConstructors">
		<argument>
			<field-name>firstName</field-name>
		</argument>
		<argument>
			<field-name>surName</field-name>
		</argument>
	</constructor>
	
	<constructor class="au.com.dw.testdatacapturej.mock.explanation.CustomerImmutable">
		<argument>
			<field-name>firstName</field-name>
		</argument>
		<argument>
			<field-name>surName</field-name>
		</argument>
	</constructor>
			
</constructor-config>
